This is TeX, Version 3.14159 (Web2C 7.4.5) (format=latex 2004.3.3)  22 SEP 2004 11:44
**listings-1.3.ins
(./listings-1.3.ins
LaTeX2e <2001/06/01>
Babel <v3.7h> and hyphenation patterns for american, french, german, ngerman, n
ohyphenation, loaded.
(/sw/share/texmf/tex/latex/base/docstrip.tex
\blockLevel=\count79
\emptyLines=\count80
\processedLines=\count81
\commentsRemoved=\count82
\commentsPassed=\count83
\codeLinesPassed=\count84
\TotalprocessedLines=\count85
\TotalcommentsRemoved=\count86
\TotalcommentsPassed=\count87
\TotalcodeLinesPassed=\count88
\NumberOfFiles=\count89
\inFile=\read1
\inputcheck=\read2
\off@0=\count90
\off@1=\count91
\off@2=\count92
\off@3=\count93
\off@4=\count94
\off@5=\count95
\off@6=\count96
\off@7=\count97
\off@8=\count98
\off@9=\count99
\off@10=\count100
\off@11=\count101
\off@12=\count102
\off@13=\count103
\off@14=\count104
\off@15=\count105
\@maxfiles=\count106
\@maxoutfiles=\count107

Utility: `docstrip' 2.5b <1998/04/28>
English documentation    <1999/03/31>

**********************************************************
* This program converts documented macro-files into fast *
* loadable files by stripping off (nearly) all comments! *
**********************************************************

********************************************************
* No Configuration file found, using default settings. *
********************************************************

)

Generating file(s) ./listings.sty ./lstmisc.sty ./lstdoc.sty ./lstdrvrs.ins ./l
istings.cfg 
\openout0 = `./listings.sty'.

\openout1 = `./lstmisc.sty'.

\openout2 = `./lstdoc.sty'.


Processing file listings-1.3.dtx (kernel) -> listings.sty
                                 (misc,0.21) -> lstmisc.sty
                                 (doc) -> lstdoc.sty
File listings-1.3.dtx ended by \endinput.
Lines  processed: 15930
Comments removed: 11317
Comments  passed: 10
Codelines passed: 4506

\openout0 = `./lstdrvrs.ins'.

\openout1 = `./listings.cfg'.


Processing file lstdrvrs-1.3.dtx (install) -> lstdrvrs.ins
                                 (config) -> listings.cfg
File lstdrvrs-1.3.dtx ended by \endinput.
Lines  processed: 5343
Comments removed: 1420
Comments  passed: 201
Codelines passed: 3556

(./lstdrvrs.ins

Generating file(s) ./lstlang1.sty ./lstlang2.sty ./lstlang3.sty 
\openout0 = `./lstlang1.sty'.

\openout1 = `./lstlang2.sty'.

\openout2 = `./lstlang3.sty'.


Processing file lstdrvrs-1.3.dtx (lang1) -> lstlang1.sty
                                 (lang2) -> lstlang2.sty
                                 (lang3) -> lstlang3.sty
File lstdrvrs-1.3.dtx ended by \endinput.
Lines  processed: 5343
Comments removed: 1420
Comments  passed: 201
Codelines passed: 3556

)
*
* You probably need to move all created `.sty' and `.cfg'
* files into a directory searched by TeX.
*
* And don't forget to refresh your filename database
* if your TeX distribution uses such a database.
*
Overall statistics:
Files  processed: 3
Lines  processed: 26616
Comments removed: 14157
Comments  passed: 412
Codelines passed: 11618
 ) 
Here is how much of TeX's memory you used:
 389 strings out of 95847
 3961 string characters out of 1196010
 51502 words of memory out of 1000001
 3403 multiletter control sequences out of 10000+50000
 3640 words of font info for 14 fonts, out of 500000 for 1000
 14 hyphenation exceptions out of 1000
 14i,0n,16p,291b,174s stack positions out of 1500i,500n,5000p,200000b,5000s

No pages of output.
